~~~~~~~~~~~~~~~~~~~~~~~~~~~~~~~~~~~~~~~~~~~~~~~~~~~~~~~~~~~~~~~~~~~~~~~~~~~~~~~
Tree - random unordered tree
~~~~~~~~~~~~~~~~~~~~~~~~~~~~~~~~~~~~~~~~~~~~~~~~~~~~~~~~~~~~~~~~~~~~~~~~~~~~~~~
height: 4
ordered: false
sumDistances: 21
                        ______ 10 _____
                 ______/               \______
               4 __                         __ 5 __
                   \__                   __/       \__
                       9               2               7
                         \           /                   \
                           8       6                       3
                                  /
                                 1

printLeftRight: 4 9 8 10 1 6 2 5 7 3
Path: 10 4 9 8
Path: 10 5 2 6 1
Path: 10 5 7 3


~~~~~~~~~~~~~~~~~~~~~~~~~~~~~~~~~~~~~~~~~~~~~~~~~~~~~~~~~~~~~~~~~~~~~~~~~~~~~~~
Mirrored - the mirror image of the above tree
~~~~~~~~~~~~~~~~~~~~~~~~~~~~~~~~~~~~~~~~~~~~~~~~~~~~~~~~~~~~~~~~~~~~~~~~~~~~~~~
height: 4
ordered: false
sumDistances: 21
                        ______ 10 _____
                 ______/               \______
            __ 5 __                         __ 4
         __/       \__                   __/
       7               2               9
     /                   \           /
   3                       6       8
                            \
                             1

printLeftRight: 3 7 5 2 6 1 10 8 9 4
Path: 10 5 7 3
Path: 10 5 2 6 1
Path: 10 4 9 8


~~~~~~~~~~~~~~~~~~~~~~~~~~~~~~~~~~~~~~~~~~~~~~~~~~~~~~~~~~~~~~~~~~~~~~~~~~~~~~~
BST - random ordered tree
~~~~~~~~~~~~~~~~~~~~~~~~~~~~~~~~~~~~~~~~~~~~~~~~~~~~~~~~~~~~~~~~~~~~~~~~~~~~~~~
height: 3
ordered: true
sumDistances: 20
            __ 4 __
         __/       \__
       1               8
         \           /   \
           2       6       9
            \     / \       \
             3   5   7       10

printLeftRight: 1 2 3 4 5 6 7 8 9 10
Path: 4 1 2 3
Path: 4 8 6 5
Path: 4 8 6 7
Path: 4 8 9 10


~~~~~~~~~~~~~~~~~~~~~~~~~~~~~~~~~~~~~~~~~~~~~~~~~~~~~~~~~~~~~~~~~~~~~~~~~~~~~~~
BST Mirrored - the mirror image of the above BST
~~~~~~~~~~~~~~~~~~~~~~~~~~~~~~~~~~~~~~~~~~~~~~~~~~~~~~~~~~~~~~~~~~~~~~~~~~~~~~~
height: 3
ordered: false
sumDistances: 20
            __ 4 __
         __/       \__
       8               1
     /   \           /
   9       6       2
  /       / \     /
 10      7   5   3

printLeftRight: 10 9 8 7 6 5 4 3 2 1
Path: 4 8 9 10
Path: 4 8 6 7
Path: 4 8 6 5
Path: 4 1 2 3


~~~~~~~~~~~~~~~~~~~~~~~~~~~~~~~~~~~~~~~~~~~~~~~~~~~~~~~~~~~~~~~~~~~~~~~~~~~~~~~
Almost BST - a tree that has one element out of place
~~~~~~~~~~~~~~~~~~~~~~~~~~~~~~~~~~~~~~~~~~~~~~~~~~~~~~~~~~~~~~~~~~~~~~~~~~~~~~~
height: 4
ordered: false
sumDistances: 22
                        ______ 2 ______
                 ______/               \______
            __ 1                            __ 7 __
         __/                             __/       \__
       3                               4               10
                                         \           /
                                           6       9
                                          /       /
                                         5       8

printLeftRight: 3 1 2 4 5 6 7 8 9 10
Path: 2 1 3
Path: 2 7 4 6 5
Path: 2 7 10 9 8


